2022-08-23 12:10:17.658  INFO 13820 --- [main] c.p.admin.PetStoreBackEndApplication     : Starting PetStoreBackEndApplication using Java 17.0.4 on DESKTOP-56TB3L5 with PID 13820 (C:\Users\Ilario\Desktop\backup\Folderi\PROGRAMIRANJE\Java\Seminar\KokoPetStore\KokoPetStore\PetStoreWebParent\PetStoreBackEnd\target\classes started by Ilario in C:\Users\Ilario\Desktop\backup\Folderi\PROGRAMIRANJE\Java\Seminar\KokoPetStore\KokoPetStore\PetStoreWebParent\PetStoreBackEnd)
2022-08-23 12:10:17.662  INFO 13820 --- [main] c.p.admin.PetStoreBackEndApplication     : No active profile set, falling back to 1 default profile: "default"
2022-08-23 12:10:18.411  INFO 13820 --- [main] .s.d.r.c.RepositoryConfigurationDelegate : Bootstrapping Spring Data JPA repositories in DEFAULT mode.
2022-08-23 12:10:18.491  INFO 13820 --- [main] .s.d.r.c.RepositoryConfigurationDelegate : Finished Spring Data repository scanning in 67 ms. Found 5 JPA repository interfaces.
2022-08-23 12:10:19.133  INFO 13820 --- [main] o.s.b.w.embedded.tomcat.TomcatWebServer  : Tomcat initialized with port(s): 8080 (http)
2022-08-23 12:10:19.145  INFO 13820 --- [main] o.apache.catalina.core.StandardService   : Starting service [Tomcat]
2022-08-23 12:10:19.146  INFO 13820 --- [main] org.apache.catalina.core.StandardEngine  : Starting Servlet engine: [Apache Tomcat/9.0.65]
2022-08-23 12:10:19.270  INFO 13820 --- [main] o.a.c.c.C.[.[.[/PetStoreAdmin]           : Initializing Spring embedded WebApplicationContext
2022-08-23 12:10:19.271  INFO 13820 --- [main] w.s.c.ServletWebServerApplicationContext : Root WebApplicationContext: initialization completed in 1543 ms
2022-08-23 12:10:19.510  INFO 13820 --- [main] o.hibernate.jpa.internal.util.LogHelper  : HHH000204: Processing PersistenceUnitInfo [name: default]
2022-08-23 12:10:19.586  INFO 13820 --- [main] org.hibernate.Version                    : HHH000412: Hibernate ORM core version 5.6.10.Final
2022-08-23 12:10:19.809  INFO 13820 --- [main] o.hibernate.annotations.common.Version   : HCANN000001: Hibernate Commons Annotations {5.1.2.Final}
2022-08-23 12:10:19.956  INFO 13820 --- [main] com.zaxxer.hikari.HikariDataSource       : HikariPool-1 - Starting...
2022-08-23 12:10:20.339  INFO 13820 --- [main] com.zaxxer.hikari.HikariDataSource       : HikariPool-1 - Start completed.
2022-08-23 12:10:20.364  INFO 13820 --- [main] org.hibernate.dialect.Dialect            : HHH000400: Using dialect: org.hibernate.dialect.MySQL8Dialect
2022-08-23 12:10:21.046  INFO 13820 --- [main] org.hibernate.tuple.PojoInstantiator     : HHH000182: No default (no-argument) constructor for class: com.petstore.common.entity.Product (class must be instantiated by Interceptor)
2022-08-23 12:10:21.076  INFO 13820 --- [main] org.hibernate.tuple.PojoInstantiator     : HHH000182: No default (no-argument) constructor for class: com.petstore.common.entity.Brand (class must be instantiated by Interceptor)
2022-08-23 12:10:21.431  INFO 13820 --- [main] o.h.e.t.j.p.i.JtaPlatformInitiator       : HHH000490: Using JtaPlatform implementation: [org.hibernate.engine.transaction.jta.platform.internal.NoJtaPlatform]
2022-08-23 12:10:21.447  INFO 13820 --- [main] j.LocalContainerEntityManagerFactoryBean : Initialized JPA EntityManagerFactory for persistence unit 'default'
2022-08-23 12:10:21.784  WARN 13820 --- [main] JpaBaseConfiguration$JpaWebConfiguration : spring.jpa.open-in-view is enabled by default. Therefore, database queries may be performed during view rendering. Explicitly configure spring.jpa.open-in-view to disable this warning
2022-08-23 12:10:22.124  WARN 13820 --- [main] o.s.s.c.a.web.builders.WebSecurity       : You are asking Spring Security to ignore Ant [pattern='/images/**']. This is not recommended -- please use permitAll via HttpSecurity#authorizeHttpRequests instead.
2022-08-23 12:10:22.125  INFO 13820 --- [main] o.s.s.web.DefaultSecurityFilterChain     : Will not secure Ant [pattern='/images/**']
2022-08-23 12:10:22.126  WARN 13820 --- [main] o.s.s.c.a.web.builders.WebSecurity       : You are asking Spring Security to ignore Ant [pattern='/js/**']. This is not recommended -- please use permitAll via HttpSecurity#authorizeHttpRequests instead.
2022-08-23 12:10:22.126  INFO 13820 --- [main] o.s.s.web.DefaultSecurityFilterChain     : Will not secure Ant [pattern='/js/**']
2022-08-23 12:10:22.126  WARN 13820 --- [main] o.s.s.c.a.web.builders.WebSecurity       : You are asking Spring Security to ignore Ant [pattern='/webjars/**']. This is not recommended -- please use permitAll via HttpSecurity#authorizeHttpRequests instead.
2022-08-23 12:10:22.127  INFO 13820 --- [main] o.s.s.web.DefaultSecurityFilterChain     : Will not secure Ant [pattern='/webjars/**']
2022-08-23 12:10:22.187  INFO 13820 --- [main] o.s.s.web.DefaultSecurityFilterChain     : Will secure any request with [org.springframework.security.web.session.DisableEncodeUrlFilter@42095996, org.springframework.security.web.context.request.async.WebAsyncManagerIntegrationFilter@3b3a3a92, org.springframework.security.web.context.SecurityContextPersistenceFilter@811d8d6, org.springframework.security.web.header.HeaderWriterFilter@4d142b53, org.springframework.security.web.csrf.CsrfFilter@1e5e2e06, org.springframework.security.web.authentication.logout.LogoutFilter@47e70f54, org.springframework.security.web.authentication.UsernamePasswordAuthenticationFilter@55c581e4, org.springframework.security.web.savedrequest.RequestCacheAwareFilter@6dcc7696, org.springframework.security.web.servletapi.SecurityContextHolderAwareRequestFilter@1c966488, org.springframework.security.web.authentication.AnonymousAuthenticationFilter@65f36591, org.springframework.security.web.session.SessionManagementFilter@128ca7af, org.springframework.security.web.access.ExceptionTranslationFilter@11771fd6, org.springframework.security.web.access.intercept.FilterSecurityInterceptor@1c09bb7a]
2022-08-23 12:10:22.382  INFO 13820 --- [main] o.s.b.a.w.s.WelcomePageHandlerMapping    : Adding welcome page template: index
2022-08-23 12:10:22.645  INFO 13820 --- [main] o.s.b.w.embedded.tomcat.TomcatWebServer  : Tomcat started on port(s): 8080 (http) with context path '/PetStoreAdmin'
2022-08-23 12:10:22.657  INFO 13820 --- [main] c.p.admin.PetStoreBackEndApplication     : Started PetStoreBackEndApplication in 5.512 seconds (JVM running for 6.333)
2022-08-23 12:19:03.316  INFO 13820 --- [RMI TCP Connection(17)-127.0.0.1] inMXBeanRegistrar$SpringApplicationAdmin : Application shutdown requested.
2022-08-23 12:19:03.335  INFO 13820 --- [RMI TCP Connection(17)-127.0.0.1] o.apache.catalina.core.StandardService   : Stopping service [Tomcat]
2022-08-23 12:19:03.345  INFO 13820 --- [RMI TCP Connection(17)-127.0.0.1] j.LocalContainerEntityManagerFactoryBean : Closing JPA EntityManagerFactory for persistence unit 'default'
2022-08-23 12:19:03.347  INFO 13820 --- [RMI TCP Connection(17)-127.0.0.1] com.zaxxer.hikari.HikariDataSource       : HikariPool-1 - Shutdown initiated...
2022-08-23 12:19:03.357  INFO 13820 --- [RMI TCP Connection(17)-127.0.0.1] com.zaxxer.hikari.HikariDataSource       : HikariPool-1 - Shutdown completed.
2022-08-23 12:48:41.964  INFO 9924 --- [main] c.p.admin.PetStoreBackEndApplication     : Starting PetStoreBackEndApplication using Java 17.0.4 on DESKTOP-56TB3L5 with PID 9924 (C:\Users\Ilario\Desktop\backup\Folderi\PROGRAMIRANJE\Java\Seminar\KokoPetStore\KokoPetStore\PetStoreWebParent\PetStoreBackEnd\target\classes started by Ilario in C:\Users\Ilario\Desktop\backup\Folderi\PROGRAMIRANJE\Java\Seminar\KokoPetStore\KokoPetStore\PetStoreWebParent\PetStoreBackEnd)
2022-08-23 12:48:41.966  INFO 9924 --- [main] c.p.admin.PetStoreBackEndApplication     : No active profile set, falling back to 1 default profile: "default"
2022-08-23 12:48:42.667  INFO 9924 --- [main] .s.d.r.c.RepositoryConfigurationDelegate : Bootstrapping Spring Data JPA repositories in DEFAULT mode.
2022-08-23 12:48:42.743  INFO 9924 --- [main] .s.d.r.c.RepositoryConfigurationDelegate : Finished Spring Data repository scanning in 63 ms. Found 5 JPA repository interfaces.
2022-08-23 12:48:43.338  INFO 9924 --- [main] o.s.b.w.embedded.tomcat.TomcatWebServer  : Tomcat initialized with port(s): 8080 (http)
2022-08-23 12:48:43.351  INFO 9924 --- [main] o.apache.catalina.core.StandardService   : Starting service [Tomcat]
2022-08-23 12:48:43.351  INFO 9924 --- [main] org.apache.catalina.core.StandardEngine  : Starting Servlet engine: [Apache Tomcat/9.0.65]
2022-08-23 12:48:43.503  INFO 9924 --- [main] o.a.c.c.C.[.[.[/PetStoreAdmin]           : Initializing Spring embedded WebApplicationContext
2022-08-23 12:48:43.503  INFO 9924 --- [main] w.s.c.ServletWebServerApplicationContext : Root WebApplicationContext: initialization completed in 1475 ms
2022-08-23 12:48:43.727  INFO 9924 --- [main] o.hibernate.jpa.internal.util.LogHelper  : HHH000204: Processing PersistenceUnitInfo [name: default]
2022-08-23 12:48:43.800  INFO 9924 --- [main] org.hibernate.Version                    : HHH000412: Hibernate ORM core version 5.6.10.Final
2022-08-23 12:48:44.006  INFO 9924 --- [main] o.hibernate.annotations.common.Version   : HCANN000001: Hibernate Commons Annotations {5.1.2.Final}
2022-08-23 12:48:44.147  INFO 9924 --- [main] com.zaxxer.hikari.HikariDataSource       : HikariPool-1 - Starting...
2022-08-23 12:48:44.555  INFO 9924 --- [main] com.zaxxer.hikari.HikariDataSource       : HikariPool-1 - Start completed.
2022-08-23 12:48:44.582  INFO 9924 --- [main] org.hibernate.dialect.Dialect            : HHH000400: Using dialect: org.hibernate.dialect.MySQL8Dialect
2022-08-23 12:48:45.229  INFO 9924 --- [main] org.hibernate.tuple.PojoInstantiator     : HHH000182: No default (no-argument) constructor for class: com.petstore.common.entity.Product (class must be instantiated by Interceptor)
2022-08-23 12:48:45.258  INFO 9924 --- [main] org.hibernate.tuple.PojoInstantiator     : HHH000182: No default (no-argument) constructor for class: com.petstore.common.entity.Brand (class must be instantiated by Interceptor)
2022-08-23 12:48:45.520  INFO 9924 --- [main] o.h.e.t.j.p.i.JtaPlatformInitiator       : HHH000490: Using JtaPlatform implementation: [org.hibernate.engine.transaction.jta.platform.internal.NoJtaPlatform]
2022-08-23 12:48:45.534  INFO 9924 --- [main] j.LocalContainerEntityManagerFactoryBean : Initialized JPA EntityManagerFactory for persistence unit 'default'
2022-08-23 12:48:45.839  WARN 9924 --- [main] JpaBaseConfiguration$JpaWebConfiguration : spring.jpa.open-in-view is enabled by default. Therefore, database queries may be performed during view rendering. Explicitly configure spring.jpa.open-in-view to disable this warning
2022-08-23 12:48:46.172  WARN 9924 --- [main] o.s.s.c.a.web.builders.WebSecurity       : You are asking Spring Security to ignore Ant [pattern='/images/**']. This is not recommended -- please use permitAll via HttpSecurity#authorizeHttpRequests instead.
2022-08-23 12:48:46.172  INFO 9924 --- [main] o.s.s.web.DefaultSecurityFilterChain     : Will not secure Ant [pattern='/images/**']
2022-08-23 12:48:46.174  WARN 9924 --- [main] o.s.s.c.a.web.builders.WebSecurity       : You are asking Spring Security to ignore Ant [pattern='/js/**']. This is not recommended -- please use permitAll via HttpSecurity#authorizeHttpRequests instead.
2022-08-23 12:48:46.174  INFO 9924 --- [main] o.s.s.web.DefaultSecurityFilterChain     : Will not secure Ant [pattern='/js/**']
2022-08-23 12:48:46.174  WARN 9924 --- [main] o.s.s.c.a.web.builders.WebSecurity       : You are asking Spring Security to ignore Ant [pattern='/webjars/**']. This is not recommended -- please use permitAll via HttpSecurity#authorizeHttpRequests instead.
2022-08-23 12:48:46.174  INFO 9924 --- [main] o.s.s.web.DefaultSecurityFilterChain     : Will not secure Ant [pattern='/webjars/**']
2022-08-23 12:48:46.235  INFO 9924 --- [main] o.s.s.web.DefaultSecurityFilterChain     : Will secure any request with [org.springframework.security.web.session.DisableEncodeUrlFilter@5bfdc92b, org.springframework.security.web.context.request.async.WebAsyncManagerIntegrationFilter@68dc2f53, org.springframework.security.web.context.SecurityContextPersistenceFilter@5bed0ff4, org.springframework.security.web.header.HeaderWriterFilter@68c47cf9, org.springframework.security.web.authentication.logout.LogoutFilter@5114c8a1, org.springframework.security.web.authentication.UsernamePasswordAuthenticationFilter@7e69bf78, org.springframework.security.web.savedrequest.RequestCacheAwareFilter@7e4dddee, org.springframework.security.web.servletapi.SecurityContextHolderAwareRequestFilter@4d142b53, org.springframework.security.web.authentication.AnonymousAuthenticationFilter@48928b57, org.springframework.security.web.session.SessionManagementFilter@7e764e5c, org.springframework.security.web.access.ExceptionTranslationFilter@50841932, org.springframework.security.web.access.intercept.FilterSecurityInterceptor@3f22ce2a]
2022-08-23 12:48:46.418  INFO 9924 --- [main] o.s.b.a.w.s.WelcomePageHandlerMapping    : Adding welcome page template: index
2022-08-23 12:48:46.667  INFO 9924 --- [main] o.s.b.w.embedded.tomcat.TomcatWebServer  : Tomcat started on port(s): 8080 (http) with context path '/PetStoreAdmin'
2022-08-23 12:48:46.678  INFO 9924 --- [main] c.p.admin.PetStoreBackEndApplication     : Started PetStoreBackEndApplication in 5.17 seconds (JVM running for 6.001)
2022-08-23 12:49:41.082  INFO 9924 --- [http-nio-8080-exec-2] o.a.c.c.C.[.[.[/PetStoreAdmin]           : Initializing Spring DispatcherServlet 'dispatcherServlet'
2022-08-23 12:49:41.083  INFO 9924 --- [http-nio-8080-exec-2] o.s.web.servlet.DispatcherServlet        : Initializing Servlet 'dispatcherServlet'
2022-08-23 12:49:41.084  INFO 9924 --- [http-nio-8080-exec-2] o.s.web.servlet.DispatcherServlet        : Completed initialization in 1 ms
2022-08-23 12:50:02.589  INFO 9924 --- [RMI TCP Connection(9)-127.0.0.1] inMXBeanRegistrar$SpringApplicationAdmin : Application shutdown requested.
2022-08-23 12:50:02.606  INFO 9924 --- [RMI TCP Connection(9)-127.0.0.1] o.apache.catalina.core.StandardService   : Stopping service [Tomcat]
2022-08-23 12:50:02.607  INFO 9924 --- [RMI TCP Connection(9)-127.0.0.1] o.a.c.c.C.[.[.[/PetStoreAdmin]           : Destroying Spring FrameworkServlet 'dispatcherServlet'
2022-08-23 12:50:02.615  INFO 9924 --- [RMI TCP Connection(9)-127.0.0.1] j.LocalContainerEntityManagerFactoryBean : Closing JPA EntityManagerFactory for persistence unit 'default'
2022-08-23 12:50:02.617  INFO 9924 --- [RMI TCP Connection(9)-127.0.0.1] com.zaxxer.hikari.HikariDataSource       : HikariPool-1 - Shutdown initiated...
2022-08-23 12:50:02.626  INFO 9924 --- [RMI TCP Connection(9)-127.0.0.1] com.zaxxer.hikari.HikariDataSource       : HikariPool-1 - Shutdown completed.
2022-08-23 12:57:50.496  INFO 9184 --- [main] c.p.admin.PetStoreBackEndApplication     : Starting PetStoreBackEndApplication using Java 17.0.4 on DESKTOP-56TB3L5 with PID 9184 (C:\Users\Ilario\Desktop\backup\Folderi\PROGRAMIRANJE\Java\Seminar\KokoPetStore\KokoPetStore\PetStoreWebParent\PetStoreBackEnd\target\classes started by Ilario in C:\Users\Ilario\Desktop\backup\Folderi\PROGRAMIRANJE\Java\Seminar\KokoPetStore\KokoPetStore\PetStoreWebParent\PetStoreBackEnd)
2022-08-23 12:57:50.500  INFO 9184 --- [main] c.p.admin.PetStoreBackEndApplication     : No active profile set, falling back to 1 default profile: "default"
2022-08-23 12:57:51.235  INFO 9184 --- [main] .s.d.r.c.RepositoryConfigurationDelegate : Bootstrapping Spring Data JPA repositories in DEFAULT mode.
2022-08-23 12:57:51.319  INFO 9184 --- [main] .s.d.r.c.RepositoryConfigurationDelegate : Finished Spring Data repository scanning in 70 ms. Found 5 JPA repository interfaces.
2022-08-23 12:57:51.927  INFO 9184 --- [main] o.s.b.w.embedded.tomcat.TomcatWebServer  : Tomcat initialized with port(s): 8080 (http)
2022-08-23 12:57:51.942  INFO 9184 --- [main] o.apache.catalina.core.StandardService   : Starting service [Tomcat]
2022-08-23 12:57:51.942  INFO 9184 --- [main] org.apache.catalina.core.StandardEngine  : Starting Servlet engine: [Apache Tomcat/9.0.65]
2022-08-23 12:57:52.102  INFO 9184 --- [main] o.a.c.c.C.[.[.[/PetStoreAdmin]           : Initializing Spring embedded WebApplicationContext
2022-08-23 12:57:52.103  INFO 9184 --- [main] w.s.c.ServletWebServerApplicationContext : Root WebApplicationContext: initialization completed in 1542 ms
2022-08-23 12:57:52.334  INFO 9184 --- [main] o.hibernate.jpa.internal.util.LogHelper  : HHH000204: Processing PersistenceUnitInfo [name: default]
2022-08-23 12:57:52.410  INFO 9184 --- [main] org.hibernate.Version                    : HHH000412: Hibernate ORM core version 5.6.10.Final
2022-08-23 12:57:52.645  INFO 9184 --- [main] o.hibernate.annotations.common.Version   : HCANN000001: Hibernate Commons Annotations {5.1.2.Final}
2022-08-23 12:57:52.839  INFO 9184 --- [main] com.zaxxer.hikari.HikariDataSource       : HikariPool-1 - Starting...
2022-08-23 12:57:53.235  INFO 9184 --- [main] com.zaxxer.hikari.HikariDataSource       : HikariPool-1 - Start completed.
2022-08-23 12:57:53.259  INFO 9184 --- [main] org.hibernate.dialect.Dialect            : HHH000400: Using dialect: org.hibernate.dialect.MySQL8Dialect
2022-08-23 12:57:53.947  INFO 9184 --- [main] org.hibernate.tuple.PojoInstantiator     : HHH000182: No default (no-argument) constructor for class: com.petstore.common.entity.Product (class must be instantiated by Interceptor)
2022-08-23 12:57:53.976  INFO 9184 --- [main] org.hibernate.tuple.PojoInstantiator     : HHH000182: No default (no-argument) constructor for class: com.petstore.common.entity.Brand (class must be instantiated by Interceptor)
2022-08-23 12:57:54.318  INFO 9184 --- [main] o.h.e.t.j.p.i.JtaPlatformInitiator       : HHH000490: Using JtaPlatform implementation: [org.hibernate.engine.transaction.jta.platform.internal.NoJtaPlatform]
2022-08-23 12:57:54.331  INFO 9184 --- [main] j.LocalContainerEntityManagerFactoryBean : Initialized JPA EntityManagerFactory for persistence unit 'default'
2022-08-23 12:57:54.654  WARN 9184 --- [main] JpaBaseConfiguration$JpaWebConfiguration : spring.jpa.open-in-view is enabled by default. Therefore, database queries may be performed during view rendering. Explicitly configure spring.jpa.open-in-view to disable this warning
2022-08-23 12:57:54.976  WARN 9184 --- [main] o.s.s.c.a.web.builders.WebSecurity       : You are asking Spring Security to ignore Ant [pattern='/images/**']. This is not recommended -- please use permitAll via HttpSecurity#authorizeHttpRequests instead.
2022-08-23 12:57:54.977  INFO 9184 --- [main] o.s.s.web.DefaultSecurityFilterChain     : Will not secure Ant [pattern='/images/**']
2022-08-23 12:57:54.978  WARN 9184 --- [main] o.s.s.c.a.web.builders.WebSecurity       : You are asking Spring Security to ignore Ant [pattern='/js/**']. This is not recommended -- please use permitAll via HttpSecurity#authorizeHttpRequests instead.
2022-08-23 12:57:54.978  INFO 9184 --- [main] o.s.s.web.DefaultSecurityFilterChain     : Will not secure Ant [pattern='/js/**']
2022-08-23 12:57:54.978  WARN 9184 --- [main] o.s.s.c.a.web.builders.WebSecurity       : You are asking Spring Security to ignore Ant [pattern='/webjars/**']. This is not recommended -- please use permitAll via HttpSecurity#authorizeHttpRequests instead.
2022-08-23 12:57:54.979  INFO 9184 --- [main] o.s.s.web.DefaultSecurityFilterChain     : Will not secure Ant [pattern='/webjars/**']
2022-08-23 12:57:55.046  INFO 9184 --- [main] o.s.s.web.DefaultSecurityFilterChain     : Will secure any request with [org.springframework.security.web.session.DisableEncodeUrlFilter@eaa07bb, org.springframework.security.web.context.request.async.WebAsyncManagerIntegrationFilter@6eae3730, org.springframework.security.web.context.SecurityContextPersistenceFilter@811d8d6, org.springframework.security.web.header.HeaderWriterFilter@4d142b53, org.springframework.security.web.authentication.logout.LogoutFilter@47e70f54, org.springframework.security.web.authentication.UsernamePasswordAuthenticationFilter@24888d8b, org.springframework.security.web.savedrequest.RequestCacheAwareFilter@6dcc7696, org.springframework.security.web.servletapi.SecurityContextHolderAwareRequestFilter@1c966488, org.springframework.security.web.authentication.AnonymousAuthenticationFilter@42095996, org.springframework.security.web.session.SessionManagementFilter@128ca7af, org.springframework.security.web.access.ExceptionTranslationFilter@11771fd6, org.springframework.security.web.access.intercept.FilterSecurityInterceptor@48928b57]
2022-08-23 12:57:55.222  INFO 9184 --- [main] o.s.b.a.w.s.WelcomePageHandlerMapping    : Adding welcome page template: index
2022-08-23 12:57:55.476  INFO 9184 --- [main] o.s.b.w.embedded.tomcat.TomcatWebServer  : Tomcat started on port(s): 8080 (http) with context path '/PetStoreAdmin'
2022-08-23 12:57:55.486  INFO 9184 --- [main] c.p.admin.PetStoreBackEndApplication     : Started PetStoreBackEndApplication in 5.466 seconds (JVM running for 6.392)
2022-08-23 12:58:40.870  INFO 9184 --- [http-nio-8080-exec-2] o.a.c.c.C.[.[.[/PetStoreAdmin]           : Initializing Spring DispatcherServlet 'dispatcherServlet'
2022-08-23 12:58:40.871  INFO 9184 --- [http-nio-8080-exec-2] o.s.web.servlet.DispatcherServlet        : Initializing Servlet 'dispatcherServlet'
2022-08-23 12:58:40.873  INFO 9184 --- [http-nio-8080-exec-2] o.s.web.servlet.DispatcherServlet        : Completed initialization in 1 ms
